# JRE version: Java(TM) SE Runtime Environment (8.0_251-b08) (build 1.8.0_251-b08)
# Java VM: Java HotSpot(TM) 64-Bit Server VM (25.251-b08 mixed mode windows-amd64 compressed oops)
Heap:
 PSYoungGen      total 424960K, used 268819K [0x000000076b000000, 0x00000007a4c00000, 0x00000007c0000000)
  eden space 197632K, 20% used [0x000000076b000000,0x000000076d884c88,0x0000000777100000)
  from space 227328K, 100% used [0x0000000777100000,0x0000000784f00000,0x0000000784f00000)
  to   space 339456K, 0% used [0x0000000790080000,0x0000000790080000,0x00000007a4c00000)
 ParOldGen       total 995328K, used 701288K [0x00000006c1000000, 0x00000006fdc00000, 0x000000076b000000)
  object space 995328K, 70% used [0x00000006c1000000,0x00000006ebcda0e0,0x00000006fdc00000)
 Metaspace       used 11194K, capacity 11390K, committed 11648K, reserved 1058816K
  class space    used 1317K, capacity 1388K, committed 1408K, reserved 1048576K
GC Heap History (10 events):
Event: 1.809 GC heap before
{Heap before GC invocations=6 (full 2):
 PSYoungGen      total 141824K, used 131072K [0x000000076b000000, 0x0000000777480000, 0x00000007c0000000)
  eden space 131072K, 100% used [0x000000076b000000,0x0000000773000000,0x0000000773000000)
  from space 10752K, 0% used [0x0000000773000000,0x0000000773000000,0x0000000773a80000)
  to   space 10752K, 0% used [0x0000000776a00000,0x0000000776a00000,0x0000000777480000)
 ParOldGen       total 562176K, used 253167K [0x00000006c1000000, 0x00000006e3500000, 0x000000076b000000)
  object space 562176K, 45% used [0x00000006c1000000,0x00000006d073bcc0,0x00000006e3500000)
 Metaspace       used 6409K, capacity 6502K, committed 6656K, reserved 1056768K
  class space    used 701K, capacity 761K, committed 768K, reserved 1048576K
Event: 1.887 GC heap after
Heap after GC invocations=6 (full 2):
 PSYoungGen      total 176640K, used 10752K [0x000000076b000000, 0x0000000777480000, 0x00000007c0000000)
  eden space 165888K, 0% used [0x000000076b000000,0x000000076b000000,0x0000000775200000)
  from space 10752K, 100% used [0x0000000776a00000,0x0000000777480000,0x0000000777480000)
  to   space 10752K, 0% used [0x0000000775f80000,0x0000000775f80000,0x0000000776a00000)
 ParOldGen       total 562176K, used 375911K [0x00000006c1000000, 0x00000006e3500000, 0x000000076b000000)
  object space 562176K, 66% used [0x00000006c1000000,0x00000006d7f19cc0,0x00000006e3500000)
 Metaspace       used 6409K, capacity 6502K, committed 6656K, reserved 1056768K
  class space    used 701K, capacity 761K, committed 768K, reserved 1048576K
}
Event: 1.975 GC heap before
{Heap before GC invocations=7 (full 2):
 PSYoungGen      total 176640K, used 176640K [0x000000076b000000, 0x0000000777480000, 0x00000007c0000000)
  eden space 165888K, 100% used [0x000000076b000000,0x0000000775200000,0x0000000775200000)
  from space 10752K, 100% used [0x0000000776a00000,0x0000000777480000,0x0000000777480000)
  to   space 10752K, 0% used [0x0000000775f80000,0x0000000775f80000,0x0000000776a00000)
 ParOldGen       total 562176K, used 375911K [0x00000006c1000000, 0x00000006e3500000, 0x000000076b000000)
  object space 562176K, 66% used [0x00000006c1000000,0x00000006d7f19cc0,0x00000006e3500000)
 Metaspace       used 6409K, capacity 6502K, committed 6656K, reserved 1056768K
  class space    used 701K, capacity 761K, committed 768K, reserved 1048576K
Event: 2.057 GC heap after
Heap after GC invocations=7 (full 2):
 PSYoungGen      total 190464K, used 10752K [0x000000076b000000, 0x0000000791700000, 0x00000007c0000000)
  eden space 179712K, 0% used [0x000000076b000000,0x000000076b000000,0x0000000775f80000)
  from space 10752K, 100% used [0x0000000775f80000,0x0000000776a00000,0x0000000776a00000)
  to   space 204800K, 0% used [0x0000000784f00000,0x0000000784f00000,0x0000000791700000)
 ParOldGen       total 562176K, used 542351K [0x00000006c1000000, 0x00000006e3500000, 0x000000076b000000)
  object space 562176K, 96% used [0x00000006c1000000,0x00000006e21a3cc0,0x00000006e3500000)
 Metaspace       used 6409K, capacity 6502K, committed 6656K, reserved 1056768K
  class space    used 701K, capacity 761K, committed 768K, reserved 1048576K
}
Event: 2.057 GC heap before
{Heap before GC invocations=8 (full 3):
 PSYoungGen      total 190464K, used 10752K [0x000000076b000000, 0x0000000791700000, 0x00000007c0000000)
  eden space 179712K, 0% used [0x000000076b000000,0x000000076b000000,0x0000000775f80000)
  from space 10752K, 100% used [0x0000000775f80000,0x0000000776a00000,0x0000000776a00000)
  to   space 204800K, 0% used [0x0000000784f00000,0x0000000784f00000,0x0000000791700000)
 ParOldGen       total 562176K, used 542351K [0x00000006c1000000, 0x00000006e3500000, 0x000000076b000000)
  object space 562176K, 96% used [0x00000006c1000000,0x00000006e21a3cc0,0x00000006e3500000)
 Metaspace       used 6409K, capacity 6502K, committed 6656K, reserved 1056768K
  class space    used 701K, capacity 761K, committed 768K, reserved 1048576K
Event: 2.648 GC heap after
Heap after GC invocations=8 (full 3):
 PSYoungGen      total 190464K, used 0K [0x000000076b000000, 0x0000000791700000, 0x00000007c0000000)
  eden space 179712K, 0% used [0x000000076b000000,0x000000076b000000,0x0000000775f80000)
  from space 10752K, 0% used [0x0000000775f80000,0x0000000775f80000,0x0000000776a00000)
  to   space 204800K, 0% used [0x0000000784f00000,0x0000000784f00000,0x0000000791700000)
 ParOldGen       total 995328K, used 550112K [0x00000006c1000000, 0x00000006fdc00000, 0x000000076b000000)
  object space 995328K, 55% used [0x00000006c1000000,0x00000006e29380e0,0x00000006fdc00000)
 Metaspace       used 6409K, capacity 6502K, committed 6656K, reserved 1056768K
  class space    used 701K, capacity 761K, committed 768K, reserved 1048576K
}
Event: 2.742 GC heap before
{Heap before GC invocations=9 (full 3):
 PSYoungGen      total 190464K, used 179712K [0x000000076b000000, 0x0000000791700000, 0x00000007c0000000)
  eden space 179712K, 100% used [0x000000076b000000,0x0000000775f80000,0x0000000775f80000)
  from space 10752K, 0% used [0x0000000775f80000,0x0000000775f80000,0x0000000776a00000)
  to   space 204800K, 0% used [0x0000000784f00000,0x0000000784f00000,0x0000000791700000)
 ParOldGen       total 995328K, used 550112K [0x00000006c1000000, 0x00000006fdc00000, 0x000000076b000000)
  object space 995328K, 55% used [0x00000006c1000000,0x00000006e29380e0,0x00000006fdc00000)
 Metaspace       used 6409K, capacity 6502K, committed 6656K, reserved 1056768K
  class space    used 701K, capacity 761K, committed 768K, reserved 1048576K
Event: 2.805 GC heap after
Heap after GC invocations=9 (full 3):
 PSYoungGen      total 402432K, used 180320K [0x000000076b000000, 0x0000000794c80000, 0x00000007c0000000)
  eden space 197632K, 0% used [0x000000076b000000,0x000000076b000000,0x0000000777100000)
  from space 204800K, 88% used [0x0000000784f00000,0x000000078ff18000,0x0000000791700000)
  to   space 227328K, 0% used [0x0000000777100000,0x0000000777100000,0x0000000784f00000)
 ParOldGen       total 995328K, used 550112K [0x00000006c1000000, 0x00000006fdc00000, 0x000000076b000000)
  object space 995328K, 55% used [0x00000006c1000000,0x00000006e29380e0,0x00000006fdc00000)
 Metaspace       used 6409K, capacity 6502K, committed 6656K, reserved 1056768K
  class space    used 701K, capacity 761K, committed 768K, reserved 1048576K
}
Event: 2.903 GC heap before
{Heap before GC invocations=10 (full 3):
 PSYoungGen      total 402432K, used 377952K [0x000000076b000000, 0x0000000794c80000, 0x00000007c0000000)
  eden space 197632K, 100% used [0x000000076b000000,0x0000000777100000,0x0000000777100000)
  from space 204800K, 88% used [0x0000000784f00000,0x000000078ff18000,0x0000000791700000)
  to   space 227328K, 0% used [0x0000000777100000,0x0000000777100000,0x0000000784f00000)
 ParOldGen       total 995328K, used 550112K [0x00000006c1000000, 0x00000006fdc00000, 0x000000076b000000)
  object space 995328K, 55% used [0x00000006c1000000,0x00000006e29380e0,0x00000006fdc00000)
 Metaspace       used 6409K, capacity 6502K, committed 6656K, reserved 1056768K
  class space    used 701K, capacity 761K, committed 768K, reserved 1048576K
Event: 3.052 GC heap after
Heap after GC invocations=10 (full 3):
 PSYoungGen      total 424960K, used 227328K [0x000000076b000000, 0x00000007a4c00000, 0x00000007c0000000)
  eden space 197632K, 0% used [0x000000076b000000,0x000000076b000000,0x0000000777100000)
  from space 227328K, 100% used [0x0000000777100000,0x0000000784f00000,0x0000000784f00000)
  to   space 339456K, 0% used [0x0000000790080000,0x0000000790080000,0x00000007a4c00000)
 ParOldGen       total 995328K, used 701288K [0x00000006c1000000, 0x00000006fdc00000, 0x000000076b000000)
  object space 995328K, 70% used [0x00000006c1000000,0x00000006ebcda0e0,0x00000006fdc00000)
 Metaspace       used 6409K, capacity 6502K, committed 6656K, reserved 1056768K
  class space    used 701K, capacity 761K, committed 768K, reserved 1048576K
}

